<?xml version="1.0" encoding="UTF-8"?>
<!-- Generated by org.testng.reporters.JUnitReportReporter -->
<testsuite hostname="Dell_Home_22" failures="0" tests="1" name="recipeScrapping.RecipeScrappingForDiabetesA_J" time="381.350" errors="0" timestamp="2023-04-23T16:03:20 CDT" skipped="0">
  <testcase classname="recipeScrapping.RecipeScrappingForDiabetesA_J" name="Recipe" time="381.350"/>
  <system-out/>
</testsuite> <!-- recipeScrapping.RecipeScrappingForDiabetesA_J -->
